<?xml version="1.0" encoding="UTF-8"?>
<!-- Generated by org.testng.reporters.JUnitReportReporter -->
<testsuite hostname="ABHICHAK-LAP" name="Bank.Bank3" tests="4" failures="0" timestamp="27 May 2019 17:54:00 GMT" time="0.001" errors="0">
  <testcase name="login" time="0.001" classname="Bank.Bank3"/>
  <testcase name="product" time="0.000" classname="Bank.Bank3"/>
  <testcase name="login" time="0.000" classname="Bank.Bank3"/>
  <testcase name="product" time="0.000" classname="Bank.Bank3"/>
</testsuite> <!-- Bank.Bank3 -->
