<?xml version="1.0" encoding="UTF-8"?>
<!-- Generated by org.testng.reporters.JUnitReportReporter -->
<testsuite hostname="ABHICHAK-LAP" name="Bank.Bank4" tests="2" failures="0" timestamp="28 May 2019 16:47:15 GMT" time="0.005" errors="0">
  <testcase name="PayTax" time="0.005" classname="Bank.Bank4"/>
  <testcase name="ITReturn" time="0.000" classname="Bank.Bank4"/>
</testsuite> <!-- Bank.Bank4 -->
