<?xml version="1.0" encoding="UTF-8"?>
<!-- Generated by org.testng.reporters.JUnitReportReporter -->
<testsuite hostname="ABHICHAK-LAP" name="Bank.Bank4" tests="2" failures="0" timestamp="27 May 2019 17:54:00 GMT" time="0.006" errors="0">
  <testcase name="PayTax" time="0.005" classname="Bank.Bank4"/>
  <testcase name="ITReturn" time="0.001" classname="Bank.Bank4"/>
</testsuite> <!-- Bank.Bank4 -->
